<?xml version="1.0" encoding="UTF-8"?>
<!-- Generated by org.testng.reporters.JUnitReportReporter -->
<testsuite hostname="Piyush-PC" name="WebDriverManagerConcept" tests="1" failures="0" timestamp="21 Apr 2020 11:41:39 GMT" time="16.014" errors="0">
  <testcase name="invokeBrowser" time="16.014" classname="WebDriverManagerConcept"/>
</testsuite> <!-- WebDriverManagerConcept -->
