<?xml version="1.0" encoding="UTF-8"?>
<!-- Generated by org.testng.reporters.JUnitReportReporter -->
<testsuite hostname="Piyush-PC" name="DropDownSortingConcept" tests="1" failures="0" timestamp="1 May 2020 11:33:34 GMT" time="18.772" errors="0">
  <testcase name="test" time="18.772" classname="DropDownSortingConcept"/>
</testsuite> <!-- DropDownSortingConcept -->
