<?xml version="1.0" encoding="UTF-8"?>
<!-- Generated by org.testng.reporters.JUnitReportReporter -->
<testsuite hostname="Piyush-PC" name="MyFileDownload_Chrome" tests="1" failures="0" timestamp="1 May 2020 12:23:01 GMT" time="26.788" errors="0">
  <testcase name="test" time="26.788" classname="MyFileDownload_Chrome"/>
</testsuite> <!-- MyFileDownload_Chrome -->
