<?xml version="1.0" encoding="UTF-8"?>
<!-- Generated by org.testng.reporters.JUnitReportReporter -->
<testsuite hostname="Piyush-PC" name="FileDownloadConcept_Chrome" tests="1" failures="0" timestamp="1 May 2020 13:41:33 GMT" time="16.026" errors="0">
  <testcase name="test" time="16.026" classname="FileDownloadConcept_Chrome"/>
</testsuite> <!-- FileDownloadConcept_Chrome -->
